2023-12-17 17:12:514 INFO  HomePage :29 - Clicking on login link : [[ChromeDriver: chrome on windows (abc49176b81de08f5681a87558e7ac18)] -> link text: Log in]
2023-12-17 17:12:876 INFO  LoginPage :50 - email [[ChromeDriver: chrome on windows (abc49176b81de08f5681a87558e7ac18)] -> id: Email]
2023-12-17 17:12:77 INFO  LoginPage :55 - password [[ChromeDriver: chrome on windows (abc49176b81de08f5681a87558e7ac18)] -> name: Password]
2023-12-17 17:12:628 INFO  LoginPage :60 - login button [[ChromeDriver: chrome on windows (abc49176b81de08f5681a87558e7ac18)] -> xpath: //button[contains(text(),'Log in')]]
2023-12-17 17:12:674 INFO  LoginPage :64 -  Verify Logout Text [[ChromeDriver: chrome on windows (abc49176b81de08f5681a87558e7ac18)] -> xpath: //div[@class='message-error validation-summary-errors']]
2023-12-17 17:12:911 INFO  HomePage :29 - Clicking on login link : [[ChromeDriver: chrome on windows (809d38a7478946f335aaebb0720fb902)] -> link text: Log in]
2023-12-17 17:12:225 INFO  LoginPage :50 - email [[ChromeDriver: chrome on windows (809d38a7478946f335aaebb0720fb902)] -> id: Email]
2023-12-17 17:12:408 INFO  LoginPage :55 - password [[ChromeDriver: chrome on windows (809d38a7478946f335aaebb0720fb902)] -> name: Password]
2023-12-17 17:12:862 INFO  LoginPage :60 - login button [[ChromeDriver: chrome on windows (809d38a7478946f335aaebb0720fb902)] -> xpath: //button[contains(text(),'Log in')]]
2023-12-17 17:12:942 INFO  LoginPage :75 - logout Link Proxy element for: DefaultElementLocator 'By.linkText: Log out'
2023-12-17 19:12:272 INFO  HomePage :29 - Clicking on login link : [[ChromeDriver: chrome on windows (59d15933fa98e7463e83f4fcf99f258c)] -> link text: Log in]
2023-12-17 19:12:379 INFO  LoginPage :50 - email [[ChromeDriver: chrome on windows (59d15933fa98e7463e83f4fcf99f258c)] -> id: Email]
2023-12-17 19:12:436 INFO  LoginPage :55 - password [[ChromeDriver: chrome on windows (59d15933fa98e7463e83f4fcf99f258c)] -> name: Password]
2023-12-17 19:12:726 INFO  LoginPage :60 - login button [[ChromeDriver: chrome on windows (59d15933fa98e7463e83f4fcf99f258c)] -> xpath: //button[contains(text(),'Log in')]]
2023-12-17 19:12:784 INFO  LoginPage :64 -  Verify Logout Text [[ChromeDriver: chrome on windows (59d15933fa98e7463e83f4fcf99f258c)] -> xpath: //div[@class='message-error validation-summary-errors']]
2023-12-17 19:12:371 INFO  HomePage :29 - Clicking on login link : [[ChromeDriver: chrome on windows (17c6c863295c0dcdc5af17f8007d7071)] -> link text: Log in]
2023-12-17 19:12:474 INFO  LoginPage :50 - email [[ChromeDriver: chrome on windows (17c6c863295c0dcdc5af17f8007d7071)] -> id: Email]
2023-12-17 19:12:539 INFO  LoginPage :55 - password [[ChromeDriver: chrome on windows (17c6c863295c0dcdc5af17f8007d7071)] -> name: Password]
2023-12-17 19:12:818 INFO  LoginPage :60 - login button [[ChromeDriver: chrome on windows (17c6c863295c0dcdc5af17f8007d7071)] -> xpath: //button[contains(text(),'Log in')]]
2023-12-17 19:12:858 INFO  LoginPage :75 - logout Link Proxy element for: DefaultElementLocator 'By.linkText: Log out'
2023-12-17 19:12:06 INFO  HomePage :34 - Clicking on register link : [[ChromeDriver: chrome on windows (921addddbfb660227fe52729a2ad1f1d)] -> link text: Register]
2023-12-17 19:12:533 INFO  HomePage :34 - Clicking on register link : [[ChromeDriver: chrome on windows (dbf6450ae615aa9266afdca2e23f20f1)] -> link text: Register]
2023-12-17 19:12:110 INFO  HomePage :34 - Clicking on register link : [[ChromeDriver: chrome on windows (1d874d7f75beded48fd3c7ea57404485)] -> link text: Register]
2023-12-17 19:12:568 INFO  HomePage :34 - Clicking on register link : [[ChromeDriver: chrome on windows (14eb2268d9ebc6794e5a1f2a6c25348e)] -> link text: Register]
2023-12-17 19:12:39 INFO  HomePage :34 - Clicking on register link : [[ChromeDriver: chrome on windows (337df8119f2387a77c8ec819bb76c9d7)] -> link text: Register]
2023-12-17 19:12:115 INFO  HomePage :84 - Enter first name [[ChromeDriver: chrome on windows (337df8119f2387a77c8ec819bb76c9d7)] -> id: FirstName]
2023-12-17 19:12:181 INFO  HomePage :89 - Enter last name [[ChromeDriver: chrome on windows (337df8119f2387a77c8ec819bb76c9d7)] -> id: LastName]
2023-12-17 19:12:242 INFO  HomePage :94 - Enter Date [[ChromeDriver: chrome on windows (337df8119f2387a77c8ec819bb76c9d7)] -> name: DateOfBirthDay]
2023-12-17 19:12:918 INFO  HomePage :29 - Clicking on login link : [[ChromeDriver: chrome on windows (a6d5426e7fefc7ca90f335b170879e83)] -> link text: Log in]
2023-12-17 19:12:74 INFO  LoginPage :50 - email [[ChromeDriver: chrome on windows (a6d5426e7fefc7ca90f335b170879e83)] -> id: Email]
2023-12-17 19:12:169 INFO  LoginPage :55 - password [[ChromeDriver: chrome on windows (a6d5426e7fefc7ca90f335b170879e83)] -> name: Password]
2023-12-17 19:12:469 INFO  LoginPage :60 - login button [[ChromeDriver: chrome on windows (a6d5426e7fefc7ca90f335b170879e83)] -> xpath: //button[contains(text(),'Log in')]]
2023-12-17 19:12:527 INFO  LoginPage :64 -  Verify Logout Text [[ChromeDriver: chrome on windows (a6d5426e7fefc7ca90f335b170879e83)] -> xpath: //div[@class='message-error validation-summary-errors']]
2023-12-17 19:12:661 INFO  HomePage :29 - Clicking on login link : [[ChromeDriver: chrome on windows (f49a2ba09f53f3317a2b28a37083c348)] -> link text: Log in]
2023-12-17 19:12:765 INFO  LoginPage :50 - email [[ChromeDriver: chrome on windows (f49a2ba09f53f3317a2b28a37083c348)] -> id: Email]
2023-12-17 19:12:825 INFO  LoginPage :55 - password [[ChromeDriver: chrome on windows (f49a2ba09f53f3317a2b28a37083c348)] -> name: Password]
2023-12-17 19:12:114 INFO  LoginPage :60 - login button [[ChromeDriver: chrome on windows (f49a2ba09f53f3317a2b28a37083c348)] -> xpath: //button[contains(text(),'Log in')]]
2023-12-17 19:12:156 INFO  LoginPage :75 - logout Link Proxy element for: DefaultElementLocator 'By.linkText: Log out'
2023-12-17 19:12:708 INFO  HomePage :34 - Clicking on register link : [[ChromeDriver: chrome on windows (eefd96158562551700d061fbdf491109)] -> link text: Register]
2023-12-17 19:12:758 INFO  HomePage :34 - Clicking on register link : [[ChromeDriver: chrome on windows (8f88e0c8bd055ea5401e9590e0617c58)] -> link text: Register]
2023-12-17 19:12:419 INFO  HomePage :34 - Clicking on register link : [[ChromeDriver: chrome on windows (26c85720c430a75c9d50cb9022b9013a)] -> link text: Register]
2023-12-17 19:12:859 INFO  HomePage :34 - Clicking on register link : [[ChromeDriver: chrome on windows (da5ea79268d907c6c0dee3abeb69d33f)] -> link text: Register]
2023-12-17 19:12:469 INFO  HomePage :34 - Clicking on register link : [[ChromeDriver: chrome on windows (491d6cdb5bba31588fbf89d92aa7900f)] -> link text: Register]
2023-12-17 19:12:555 INFO  HomePage :84 - Enter first name [[ChromeDriver: chrome on windows (491d6cdb5bba31588fbf89d92aa7900f)] -> id: FirstName]
2023-12-17 19:12:629 INFO  HomePage :89 - Enter last name [[ChromeDriver: chrome on windows (491d6cdb5bba31588fbf89d92aa7900f)] -> id: LastName]
2023-12-17 19:12:699 INFO  HomePage :94 - Enter Date [[ChromeDriver: chrome on windows (491d6cdb5bba31588fbf89d92aa7900f)] -> xpath: //select[@name='DateOfBirthDay']]
2023-12-17 19:12:353 INFO  HomePage :29 - Clicking on login link : [[ChromeDriver: chrome on windows (7b7b2ba17aeaeacf1c8b4b4d5e72af9a)] -> link text: Log in]
2023-12-17 19:12:457 INFO  LoginPage :50 - email [[ChromeDriver: chrome on windows (7b7b2ba17aeaeacf1c8b4b4d5e72af9a)] -> id: Email]
2023-12-17 19:12:513 INFO  LoginPage :55 - password [[ChromeDriver: chrome on windows (7b7b2ba17aeaeacf1c8b4b4d5e72af9a)] -> name: Password]
2023-12-17 19:12:799 INFO  LoginPage :60 - login button [[ChromeDriver: chrome on windows (7b7b2ba17aeaeacf1c8b4b4d5e72af9a)] -> xpath: //button[contains(text(),'Log in')]]
2023-12-17 19:12:812 INFO  LoginPage :64 -  Verify Logout Text [[ChromeDriver: chrome on windows (7b7b2ba17aeaeacf1c8b4b4d5e72af9a)] -> xpath: //div[@class='message-error validation-summary-errors']]
2023-12-17 19:12:210 INFO  HomePage :29 - Clicking on login link : [[ChromeDriver: chrome on windows (384a1f6742d0cb92b823f670cabd80af)] -> link text: Log in]
2023-12-17 19:12:351 INFO  LoginPage :50 - email [[ChromeDriver: chrome on windows (384a1f6742d0cb92b823f670cabd80af)] -> id: Email]
2023-12-17 19:12:453 INFO  LoginPage :55 - password [[ChromeDriver: chrome on windows (384a1f6742d0cb92b823f670cabd80af)] -> name: Password]
2023-12-17 19:12:814 INFO  LoginPage :60 - login button [[ChromeDriver: chrome on windows (384a1f6742d0cb92b823f670cabd80af)] -> xpath: //button[contains(text(),'Log in')]]
2023-12-17 19:12:882 INFO  LoginPage :75 - logout Link Proxy element for: DefaultElementLocator 'By.linkText: Log out'
2023-12-17 19:12:394 INFO  HomePage :34 - Clicking on register link : [[ChromeDriver: chrome on windows (10a5c894853e99d62a999e8c74a3ccec)] -> link text: Register]
2023-12-17 19:12:289 INFO  HomePage :34 - Clicking on register link : [[ChromeDriver: chrome on windows (c1bc6fe95a2508b2b88057037bc3844a)] -> link text: Register]
2023-12-17 19:12:463 INFO  HomePage :34 - Clicking on register link : [[ChromeDriver: chrome on windows (e85c630e3bc7d839400bba3f07c09648)] -> link text: Register]
2023-12-17 19:12:543 INFO  HomePage :34 - Clicking on register link : [[ChromeDriver: chrome on windows (41ceccca262f085e8759d5fdd3bc1e43)] -> link text: Register]
2023-12-17 19:12:567 INFO  HomePage :34 - Clicking on register link : [[ChromeDriver: chrome on windows (10184fc62f425fcb9021ebd1a5917d05)] -> link text: Register]
2023-12-17 19:12:645 INFO  HomePage :84 - Enter first name [[ChromeDriver: chrome on windows (10184fc62f425fcb9021ebd1a5917d05)] -> id: FirstName]
2023-12-17 19:12:745 INFO  HomePage :89 - Enter last name [[ChromeDriver: chrome on windows (10184fc62f425fcb9021ebd1a5917d05)] -> id: LastName]
2023-12-17 19:12:830 INFO  HomePage :94 - Enter Date [[ChromeDriver: chrome on windows (10184fc62f425fcb9021ebd1a5917d05)] -> xpath: /html[1]/body[1]/div[6]/div[3]/div[1]/div[1]/div[1]/div[2]/form[1]/div[1]/div[2]/div[4]/div[1]/select[1]]
2023-12-17 19:12:916 INFO  HomePage :99 - Enter Date [[ChromeDriver: chrome on windows (10184fc62f425fcb9021ebd1a5917d05)] -> xpath: /html[1]/body[1]/div[6]/div[3]/div[1]/div[1]/div[1]/div[2]/form[1]/div[1]/div[2]/div[4]/div[1]/select[2]]
2023-12-17 19:12:984 INFO  HomePage :104 - Enter Date [[ChromeDriver: chrome on windows (10184fc62f425fcb9021ebd1a5917d05)] -> xpath: /html[1]/body[1]/div[6]/div[3]/div[1]/div[1]/div[1]/div[2]/form[1]/div[1]/div[2]/div[4]/div[1]/select[3]]
2023-12-17 19:12:50 INFO  HomePage :108 - Enter Email [[ChromeDriver: chrome on windows (10184fc62f425fcb9021ebd1a5917d05)] -> name: Email]
2023-12-17 19:12:161 INFO  HomePage :113 - Enter Password [[ChromeDriver: chrome on windows (10184fc62f425fcb9021ebd1a5917d05)] -> id: Password]
2023-12-17 19:12:228 INFO  HomePage :117 - Enter confirmPassword [[ChromeDriver: chrome on windows (10184fc62f425fcb9021ebd1a5917d05)] -> id: ConfirmPassword]
2023-12-17 19:12:294 INFO  HomePage :127 - Getting Validation Text [[ChromeDriver: chrome on windows (10184fc62f425fcb9021ebd1a5917d05)] -> class name: field-validation-error]
2023-12-17 21:12:915 INFO  HomePage :61 - Enter Computer Link [[ChromeDriver: chrome on windows (177ea7c1d71a2ed6129f5839065910c2)] -> link text: Computers]
2023-12-17 21:12:430 INFO  HomePage :19 - Enter On Desktops [[ChromeDriver: chrome on windows (177ea7c1d71a2ed6129f5839065910c2)] -> xpath: (//a[normalize-space()='Desktops'])[3]]
2023-12-17 21:12:503 INFO  HomePage :70 - Getting computer Text Proxy element for: DefaultElementLocator 'By.xpath: (//h1[normalize-space()='Computers'])[1]'
2023-12-17 21:12:188 INFO  HomePage :42 - Clicking on login link : [[ChromeDriver: chrome on windows (58b15eb7294a71c037a2f97a26ebe323)] -> link text: Log in]
2023-12-17 21:12:324 INFO  LoginPage :50 - email [[ChromeDriver: chrome on windows (58b15eb7294a71c037a2f97a26ebe323)] -> id: Email]
2023-12-17 21:12:426 INFO  LoginPage :55 - password [[ChromeDriver: chrome on windows (58b15eb7294a71c037a2f97a26ebe323)] -> name: Password]
2023-12-17 21:12:105 INFO  LoginPage :60 - login button [[ChromeDriver: chrome on windows (58b15eb7294a71c037a2f97a26ebe323)] -> xpath: //button[contains(text(),'Log in')]]
2023-12-17 21:12:146 INFO  LoginPage :64 -  Verify Logout Text [[ChromeDriver: chrome on windows (58b15eb7294a71c037a2f97a26ebe323)] -> xpath: //div[@class='message-error validation-summary-errors']]
2023-12-17 21:12:335 INFO  HomePage :42 - Clicking on login link : [[ChromeDriver: chrome on windows (17880f10f6920ca6f3d775bbd3022c58)] -> link text: Log in]
2023-12-17 21:12:617 INFO  LoginPage :50 - email [[ChromeDriver: chrome on windows (17880f10f6920ca6f3d775bbd3022c58)] -> id: Email]
2023-12-17 21:12:737 INFO  LoginPage :55 - password [[ChromeDriver: chrome on windows (17880f10f6920ca6f3d775bbd3022c58)] -> name: Password]
2023-12-17 21:12:94 INFO  LoginPage :60 - login button [[ChromeDriver: chrome on windows (17880f10f6920ca6f3d775bbd3022c58)] -> xpath: //button[contains(text(),'Log in')]]
2023-12-17 21:12:187 INFO  LoginPage :75 - logout Link Proxy element for: DefaultElementLocator 'By.linkText: Log out'
2023-12-17 21:12:167 INFO  HomePage :47 - Clicking on register link : [[ChromeDriver: chrome on windows (1a10f50c75cfdaf1429c11f1c26f26d3)] -> link text: Register]
2023-12-17 21:12:562 INFO  HomePage :47 - Clicking on register link : [[ChromeDriver: chrome on windows (c637dbed273493ab7a36c52e6c343b78)] -> link text: Register]
2023-12-17 21:12:934 INFO  HomePage :47 - Clicking on register link : [[ChromeDriver: chrome on windows (18cfb0d39a463a3e2d4f638ea78d1dcc)] -> link text: Register]
2023-12-17 21:12:251 INFO  HomePage :47 - Clicking on register link : [[ChromeDriver: chrome on windows (2242bc27a9156478db9cfe9d8ee96960)] -> link text: Register]
2023-12-17 21:12:146 INFO  HomePage :47 - Clicking on register link : [[ChromeDriver: chrome on windows (9bed4e95da7830b9c80979343571700b)] -> link text: Register]
2023-12-17 21:12:267 INFO  HomePage :84 - Enter first name [[ChromeDriver: chrome on windows (9bed4e95da7830b9c80979343571700b)] -> id: FirstName]
2023-12-17 21:12:404 INFO  HomePage :89 - Enter last name [[ChromeDriver: chrome on windows (9bed4e95da7830b9c80979343571700b)] -> id: LastName]
2023-12-17 21:12:546 INFO  HomePage :94 - Enter Date [[ChromeDriver: chrome on windows (9bed4e95da7830b9c80979343571700b)] -> xpath: /html[1]/body[1]/div[6]/div[3]/div[1]/div[1]/div[1]/div[2]/form[1]/div[1]/div[2]/div[4]/div[1]/select[1]]
2023-12-17 21:12:746 INFO  HomePage :99 - Enter Date [[ChromeDriver: chrome on windows (9bed4e95da7830b9c80979343571700b)] -> xpath: /html[1]/body[1]/div[6]/div[3]/div[1]/div[1]/div[1]/div[2]/form[1]/div[1]/div[2]/div[4]/div[1]/select[2]]
2023-12-17 21:12:875 INFO  HomePage :104 - Enter Date [[ChromeDriver: chrome on windows (9bed4e95da7830b9c80979343571700b)] -> xpath: /html[1]/body[1]/div[6]/div[3]/div[1]/div[1]/div[1]/div[2]/form[1]/div[1]/div[2]/div[4]/div[1]/select[3]]
2023-12-17 21:12:995 INFO  HomePage :108 - Enter Email [[ChromeDriver: chrome on windows (9bed4e95da7830b9c80979343571700b)] -> name: Email]
2023-12-17 21:12:180 INFO  HomePage :113 - Enter Password [[ChromeDriver: chrome on windows (9bed4e95da7830b9c80979343571700b)] -> id: Password]
2023-12-17 21:12:284 INFO  HomePage :117 - Enter confirmPassword [[ChromeDriver: chrome on windows (9bed4e95da7830b9c80979343571700b)] -> id: ConfirmPassword]
2023-12-17 21:12:412 INFO  HomePage :127 - Getting Validation Text [[ChromeDriver: chrome on windows (9bed4e95da7830b9c80979343571700b)] -> class name: field-validation-error]
2023-12-17 22:12:462 INFO  HomePage :61 - Enter Computer Link [[ChromeDriver: chrome on windows (9409ce18e8641a7e19620531ea05dccd)] -> link text: Computers]
2023-12-17 22:12:98 INFO  HomePage :19 - Enter On Desktops [[ChromeDriver: chrome on windows (9409ce18e8641a7e19620531ea05dccd)] -> xpath: (//a[normalize-space()='Desktops'])[3]]
2023-12-17 22:12:166 INFO  HomePage :70 - Getting computer Text Proxy element for: DefaultElementLocator 'By.xpath: (//h1[normalize-space()='Computers'])[1]'
2023-12-17 22:12:606 INFO  HomePage :61 - Enter Computer Link [[ChromeDriver: chrome on windows (81a1f9d915b287d2b9bf632fd5afb6d0)] -> link text: Computers]
2023-12-17 22:12:182 INFO  HomePage :19 - Enter On Desktops [[ChromeDriver: chrome on windows (81a1f9d915b287d2b9bf632fd5afb6d0)] -> xpath: (//a[normalize-space()='Desktops'])[3]]
2023-12-17 22:12:220 INFO  HomePage :28 - Click on Build Computer [[ChromeDriver: chrome on windows (81a1f9d915b287d2b9bf632fd5afb6d0)] -> css selector: body > div:nth-child(7) > div:nth-child(3) > div:nth-child(1) > div:nth-child(3) > div:nth-child(1) > div:nth-child(2) > div:nth-child(2) > div:nth-child(2) > div:nth-child(1) > div:nth-child(1) > div:nth-child(1) > div:nth-child(1)]
2023-12-17 22:12:678 INFO  HomePage :61 - Enter Computer Link [[ChromeDriver: chrome on windows (415a9521379c71b0a4d93d7314fbc666)] -> link text: Computers]
2023-12-17 22:12:218 INFO  HomePage :19 - Enter On Desktops [[ChromeDriver: chrome on windows (415a9521379c71b0a4d93d7314fbc666)] -> xpath: (//a[normalize-space()='Desktops'])[3]]
2023-12-17 22:12:328 INFO  HomePage :28 - Click on Build Computer Proxy element for: DefaultElementLocator 'By.cssSelector: body > div:nth-child(7) > div:nth-child(3) > div:nth-child(1) > div:nth-child(3) > div:nth-child(1) > div:nth-child(2) > div:nth-child(2) > div:nth-child(2) > div:nth-child(1) > div:nth-child(1) > div:nth-child(1) > div:nth-child(1)'
2023-12-17 22:12:369 INFO  HomePage :61 - Enter Computer Link [[ChromeDriver: chrome on windows (8f87b52fb52b43b605c0937b71e687cc)] -> link text: Computers]
2023-12-17 22:12:855 INFO  HomePage :19 - Enter On Desktops [[ChromeDriver: chrome on windows (8f87b52fb52b43b605c0937b71e687cc)] -> xpath: (//a[normalize-space()='Desktops'])[3]]
2023-12-17 22:12:900 INFO  HomePage :28 - Click on Build Computer [[ChromeDriver: chrome on windows (8f87b52fb52b43b605c0937b71e687cc)] -> css selector: body > div:nth-child(7) > div:nth-child(3) > div:nth-child(1) > div:nth-child(3) > div:nth-child(1) > div:nth-child(2) > div:nth-child(2) > div:nth-child(2) > div:nth-child(1) > div:nth-child(1) > div:nth-child(1) > div:nth-child(1)]
2023-12-17 22:12:639 INFO  HomePage :42 - Clicking on login link : [[ChromeDriver: chrome on windows (857459703b9aaf7f34bc0429ba14ef06)] -> link text: Log in]
2023-12-17 22:12:935 INFO  LoginPage :50 - email [[ChromeDriver: chrome on windows (857459703b9aaf7f34bc0429ba14ef06)] -> id: Email]
2023-12-17 22:12:77 INFO  LoginPage :55 - password [[ChromeDriver: chrome on windows (857459703b9aaf7f34bc0429ba14ef06)] -> name: Password]
2023-12-17 22:12:496 INFO  LoginPage :60 - login button [[ChromeDriver: chrome on windows (857459703b9aaf7f34bc0429ba14ef06)] -> xpath: //button[contains(text(),'Log in')]]
2023-12-17 22:12:535 INFO  LoginPage :64 -  Verify Logout Text [[ChromeDriver: chrome on windows (857459703b9aaf7f34bc0429ba14ef06)] -> xpath: //div[@class='message-error validation-summary-errors']]
2023-12-17 22:12:898 INFO  HomePage :42 - Clicking on login link : [[ChromeDriver: chrome on windows (db0150da01b3e5d8ca099d1e63b4ca2b)] -> link text: Log in]
2023-12-17 22:12:113 INFO  LoginPage :50 - email [[ChromeDriver: chrome on windows (db0150da01b3e5d8ca099d1e63b4ca2b)] -> id: Email]
2023-12-17 22:12:234 INFO  LoginPage :55 - password [[ChromeDriver: chrome on windows (db0150da01b3e5d8ca099d1e63b4ca2b)] -> name: Password]
2023-12-17 22:12:757 INFO  LoginPage :60 - login button [[ChromeDriver: chrome on windows (db0150da01b3e5d8ca099d1e63b4ca2b)] -> xpath: //button[contains(text(),'Log in')]]
2023-12-17 22:12:804 INFO  LoginPage :75 - logout Link Proxy element for: DefaultElementLocator 'By.linkText: Log out'
2023-12-17 22:12:18 INFO  HomePage :47 - Clicking on register link : [[ChromeDriver: chrome on windows (cdf09062e298048ce4785d2f09a7bc1a)] -> link text: Register]
2023-12-17 22:12:673 INFO  HomePage :47 - Clicking on register link : [[ChromeDriver: chrome on windows (b15853a78b97f08ccbd362128644206a)] -> link text: Register]
2023-12-17 22:12:17 INFO  HomePage :47 - Clicking on register link : [[ChromeDriver: chrome on windows (0310e2bc8f72c15008dcd7889ca2dc06)] -> link text: Register]
2023-12-17 22:12:250 INFO  HomePage :47 - Clicking on register link : [[ChromeDriver: chrome on windows (71851888ab48eea82adf846ab8abd6e4)] -> link text: Register]
2023-12-17 22:12:460 INFO  HomePage :47 - Clicking on register link : [[ChromeDriver: chrome on windows (5fec053510630029640c843ce53cfe93)] -> link text: Register]
2023-12-17 22:12:596 INFO  HomePage :84 - Enter first name [[ChromeDriver: chrome on windows (5fec053510630029640c843ce53cfe93)] -> id: FirstName]
2023-12-17 22:12:757 INFO  HomePage :89 - Enter last name [[ChromeDriver: chrome on windows (5fec053510630029640c843ce53cfe93)] -> id: LastName]
2023-12-17 22:12:924 INFO  HomePage :94 - Enter Date [[ChromeDriver: chrome on windows (5fec053510630029640c843ce53cfe93)] -> xpath: /html[1]/body[1]/div[6]/div[3]/div[1]/div[1]/div[1]/div[2]/form[1]/div[1]/div[2]/div[4]/div[1]/select[1]]
2023-12-17 22:12:79 INFO  HomePage :99 - Enter Date [[ChromeDriver: chrome on windows (5fec053510630029640c843ce53cfe93)] -> xpath: /html[1]/body[1]/div[6]/div[3]/div[1]/div[1]/div[1]/div[2]/form[1]/div[1]/div[2]/div[4]/div[1]/select[2]]
2023-12-17 22:12:194 INFO  HomePage :104 - Enter Date [[ChromeDriver: chrome on windows (5fec053510630029640c843ce53cfe93)] -> xpath: /html[1]/body[1]/div[6]/div[3]/div[1]/div[1]/div[1]/div[2]/form[1]/div[1]/div[2]/div[4]/div[1]/select[3]]
2023-12-17 22:12:327 INFO  HomePage :108 - Enter Email [[ChromeDriver: chrome on windows (5fec053510630029640c843ce53cfe93)] -> name: Email]
2023-12-17 22:12:487 INFO  HomePage :113 - Enter Password [[ChromeDriver: chrome on windows (5fec053510630029640c843ce53cfe93)] -> id: Password]
2023-12-17 22:12:587 INFO  HomePage :117 - Enter confirmPassword [[ChromeDriver: chrome on windows (5fec053510630029640c843ce53cfe93)] -> id: ConfirmPassword]
2023-12-17 22:12:698 INFO  HomePage :127 - Getting Validation Text [[ChromeDriver: chrome on windows (5fec053510630029640c843ce53cfe93)] -> class name: field-validation-error]
2023-12-17 22:12:605 INFO  HomePage :61 - Enter Computer Link [[ChromeDriver: chrome on windows (16d162bd551a5e8e4e7a67d170061fe5)] -> link text: Computers]
2023-12-17 22:12:270 INFO  HomePage :19 - Enter On Desktops [[ChromeDriver: chrome on windows (16d162bd551a5e8e4e7a67d170061fe5)] -> xpath: (//a[normalize-space()='Desktops'])[3]]
2023-12-17 22:12:317 INFO  HomePage :28 - Click on Build Computer [[ChromeDriver: chrome on windows (16d162bd551a5e8e4e7a67d170061fe5)] -> css selector: body > div:nth-child(7) > div:nth-child(3) > div:nth-child(1) > div:nth-child(3) > div:nth-child(1) > div:nth-child(2) > div:nth-child(2) > div:nth-child(2) > div:nth-child(1) > div:nth-child(1) > div:nth-child(1) > div:nth-child(1)]
2023-12-17 22:12:172 INFO  HomePage :61 - Enter Computer Link [[ChromeDriver: chrome on windows (3ac36da70e76cab85876f2e4919e82c0)] -> link text: Computers]
2023-12-17 22:12:805 INFO  HomePage :19 - Enter On Desktops [[ChromeDriver: chrome on windows (3ac36da70e76cab85876f2e4919e82c0)] -> xpath: (//a[normalize-space()='Desktops'])[3]]
2023-12-17 22:12:854 INFO  HomePage :28 - Click on Build Computer [[ChromeDriver: chrome on windows (3ac36da70e76cab85876f2e4919e82c0)] -> css selector: body > div:nth-child(7) > div:nth-child(3) > div:nth-child(1) > div:nth-child(3) > div:nth-child(1) > div:nth-child(2) > div:nth-child(2) > div:nth-child(2) > div:nth-child(1) > div:nth-child(1) > div:nth-child(1) > div:nth-child(1)]
2023-12-17 22:12:433 INFO  HomePage :61 - Enter Computer Link [[ChromeDriver: chrome on windows (173789a38cda31b2f0160e1c2b14d1b2)] -> link text: Computers]
2023-12-17 22:12:130 INFO  HomePage :19 - Enter On Desktops [[ChromeDriver: chrome on windows (173789a38cda31b2f0160e1c2b14d1b2)] -> xpath: (//a[normalize-space()='Desktops'])[3]]
2023-12-17 22:12:219 INFO  HomePage :28 - Click on Build Computer [[ChromeDriver: chrome on windows (173789a38cda31b2f0160e1c2b14d1b2)] -> css selector: body > div:nth-child(7) > div:nth-child(3) > div:nth-child(1) > div:nth-child(3) > div:nth-child(1) > div:nth-child(2) > div:nth-child(2) > div:nth-child(2) > div:nth-child(1) > div:nth-child(1) > div:nth-child(1) > div:nth-child(1)]
2023-12-17 22:12:54 INFO  HomePage :61 - Enter Computer Link [[ChromeDriver: chrome on windows (5e706cfcb94f474badac3ec2f150f025)] -> link text: Computers]
2023-12-17 22:12:520 INFO  HomePage :19 - Enter On Desktops [[ChromeDriver: chrome on windows (5e706cfcb94f474badac3ec2f150f025)] -> xpath: (//a[normalize-space()='Desktops'])[3]]
2023-12-17 22:12:550 INFO  HomePage :28 - Click on Build Computer [[ChromeDriver: chrome on windows (5e706cfcb94f474badac3ec2f150f025)] -> css selector: body > div:nth-child(7) > div:nth-child(3) > div:nth-child(1) > div:nth-child(3) > div:nth-child(1) > div:nth-child(2) > div:nth-child(2) > div:nth-child(2) > div:nth-child(1) > div:nth-child(1) > div:nth-child(1) > div:nth-child(1)]
2023-12-17 22:12:96 INFO  HomePage :61 - Enter Computer Link [[ChromeDriver: chrome on windows (cee8ab59263967b75382e8b15810a255)] -> link text: Computers]
2023-12-17 22:12:764 INFO  HomePage :19 - Enter On Desktops [[ChromeDriver: chrome on windows (cee8ab59263967b75382e8b15810a255)] -> xpath: (//a[normalize-space()='Desktops'])[3]]
2023-12-17 22:12:807 INFO  HomePage :28 - Click on Build Computer [[ChromeDriver: chrome on windows (cee8ab59263967b75382e8b15810a255)] -> css selector: body > div:nth-child(7) > div:nth-child(3) > div:nth-child(1) > div:nth-child(3) > div:nth-child(1) > div:nth-child(2) > div:nth-child(2) > div:nth-child(2) > div:nth-child(1) > div:nth-child(1) > div:nth-child(1) > div:nth-child(1)]
2023-12-17 22:12:332 INFO  HomePage :61 - Enter Computer Link [[ChromeDriver: chrome on windows (63915e5f167c269d5f862d9547d15f88)] -> link text: Computers]
2023-12-17 22:12:831 INFO  HomePage :19 - Enter On Desktops [[ChromeDriver: chrome on windows (63915e5f167c269d5f862d9547d15f88)] -> xpath: (//a[normalize-space()='Desktops'])[3]]
2023-12-17 22:12:860 INFO  HomePage :28 - Click on Build Computer [[ChromeDriver: chrome on windows (63915e5f167c269d5f862d9547d15f88)] -> css selector: body > div:nth-child(7) > div:nth-child(3) > div:nth-child(1) > div:nth-child(3) > div:nth-child(1) > div:nth-child(2) > div:nth-child(2) > div:nth-child(2) > div:nth-child(1) > div:nth-child(1) > div:nth-child(1) > div:nth-child(1)]
2023-12-17 23:12:985 INFO  HomePage :61 - Enter Computer Link [[ChromeDriver: chrome on windows (fbdf04b1aeff94705e0fef723fc0ac99)] -> link text: Computers]
2023-12-17 23:12:484 INFO  HomePage :19 - Enter On Desktops [[ChromeDriver: chrome on windows (fbdf04b1aeff94705e0fef723fc0ac99)] -> xpath: (//a[normalize-space()='Desktops'])[3]]
2023-12-17 23:12:513 INFO  HomePage :28 - Click on Build Computer [[ChromeDriver: chrome on windows (fbdf04b1aeff94705e0fef723fc0ac99)] -> css selector: body > div:nth-child(7) > div:nth-child(3) > div:nth-child(1) > div:nth-child(3) > div:nth-child(1) > div:nth-child(2) > div:nth-child(2) > div:nth-child(2) > div:nth-child(1) > div:nth-child(1) > div:nth-child(1) > div:nth-child(1)]
2023-12-17 23:12:387 INFO  HomePage :61 - Enter Computer Link [[ChromeDriver: chrome on windows (07b6a7e6813c2e8e8089fa8fc9fe8fcc)] -> link text: Computers]
2023-12-17 23:12:552 INFO  HomePage :19 - Enter On Desktops [[ChromeDriver: chrome on windows (07b6a7e6813c2e8e8089fa8fc9fe8fcc)] -> xpath: (//a[normalize-space()='Desktops'])[3]]
2023-12-17 23:12:131 INFO  HomePage :61 - Enter Computer Link [[ChromeDriver: chrome on windows (ee525785ae5571a16876aa570f1eb1e0)] -> link text: Computers]
2023-12-17 23:12:250 INFO  HomePage :19 - Enter On Desktops [[ChromeDriver: chrome on windows (ee525785ae5571a16876aa570f1eb1e0)] -> xpath: (//a[normalize-space()='Desktops'])[3]]
2023-12-17 23:12:310 INFO  HomePage :28 - Click on Build Computer [[ChromeDriver: chrome on windows (ee525785ae5571a16876aa570f1eb1e0)] -> css selector: body > div:nth-child(7) > div:nth-child(3) > div:nth-child(1) > div:nth-child(3) > div:nth-child(1) > div:nth-child(2) > div:nth-child(2) > div:nth-child(2) > div:nth-child(1) > div:nth-child(1) > div:nth-child(1) > div:nth-child(1)]
2023-12-17 23:12:899 INFO  HomePage :61 - Enter Computer Link [[ChromeDriver: chrome on windows (20ace119a08708e42b078a4fc6831702)] -> link text: Computers]
2023-12-17 23:12:678 INFO  HomePage :19 - Enter On Desktops [[ChromeDriver: chrome on windows (20ace119a08708e42b078a4fc6831702)] -> xpath: (//a[normalize-space()='Desktops'])[3]]
2023-12-17 23:12:735 INFO  HomePage :28 - Click on Build Computer [[ChromeDriver: chrome on windows (20ace119a08708e42b078a4fc6831702)] -> css selector: body > div:nth-child(7) > div:nth-child(3) > div:nth-child(1) > div:nth-child(3) > div:nth-child(1) > div:nth-child(2) > div:nth-child(2) > div:nth-child(2) > div:nth-child(1) > div:nth-child(1) > div:nth-child(1) > div:nth-child(1)]
2023-12-17 23:12:750 INFO  HomePage :61 - Enter Computer Link [[ChromeDriver: chrome on windows (620f6dff2b03a0e152abf4bb4d352b72)] -> link text: Computers]
2023-12-17 23:12:528 INFO  HomePage :19 - Enter On Desktops [[ChromeDriver: chrome on windows (620f6dff2b03a0e152abf4bb4d352b72)] -> xpath: (//a[normalize-space()='Desktops'])[3]]
2023-12-17 23:12:570 INFO  HomePage :28 - Click on Build Computer [[ChromeDriver: chrome on windows (620f6dff2b03a0e152abf4bb4d352b72)] -> css selector: body > div:nth-child(7) > div:nth-child(3) > div:nth-child(1) > div:nth-child(3) > div:nth-child(1) > div:nth-child(2) > div:nth-child(2) > div:nth-child(2) > div:nth-child(1) > div:nth-child(1) > div:nth-child(1) > div:nth-child(1)]
2023-12-17 23:12:505 INFO  HomePage :61 - Enter Computer Link [[ChromeDriver: chrome on windows (2c84af1b8b53172b444eaacae74587f0)] -> link text: Computers]
2023-12-17 23:12:62 INFO  HomePage :19 - Enter On Desktops [[ChromeDriver: chrome on windows (2c84af1b8b53172b444eaacae74587f0)] -> xpath: (//a[normalize-space()='Desktops'])[3]]
2023-12-17 23:12:115 INFO  HomePage :28 - Click on Build Computer [[ChromeDriver: chrome on windows (2c84af1b8b53172b444eaacae74587f0)] -> css selector: body > div:nth-child(7) > div:nth-child(3) > div:nth-child(1) > div:nth-child(3) > div:nth-child(1) > div:nth-child(2) > div:nth-child(2) > div:nth-child(2) > div:nth-child(1) > div:nth-child(1) > div:nth-child(1) > div:nth-child(1)]
2023-12-17 23:12:713 INFO  HomePage :61 - Enter Computer Link [[ChromeDriver: chrome on windows (1bd7f0b275bdc15ccdca7222732ae0ad)] -> link text: Computers]
2023-12-17 23:12:331 INFO  HomePage :19 - Enter On Desktops [[ChromeDriver: chrome on windows (1bd7f0b275bdc15ccdca7222732ae0ad)] -> xpath: (//a[normalize-space()='Desktops'])[3]]
2023-12-17 23:12:399 INFO  HomePage :28 - Click on Build Computer [[ChromeDriver: chrome on windows (1bd7f0b275bdc15ccdca7222732ae0ad)] -> css selector: body > div:nth-child(7) > div:nth-child(3) > div:nth-child(1) > div:nth-child(3) > div:nth-child(1) > div:nth-child(2) > div:nth-child(2) > div:nth-child(2) > div:nth-child(1) > div:nth-child(1) > div:nth-child(1) > div:nth-child(1)]
2023-12-17 23:12:291 INFO  HomePage :61 - Enter Computer Link [[ChromeDriver: chrome on windows (ed615d910e3bc49aa40caa4f9aa82786)] -> link text: Computers]
2023-12-17 23:12:903 INFO  HomePage :19 - Enter On Desktops [[ChromeDriver: chrome on windows (ed615d910e3bc49aa40caa4f9aa82786)] -> xpath: (//a[normalize-space()='Desktops'])[3]]
2023-12-17 23:12:939 INFO  HomePage :28 - Click on Build Computer [[ChromeDriver: chrome on windows (ed615d910e3bc49aa40caa4f9aa82786)] -> css selector: body > div:nth-child(7) > div:nth-child(3) > div:nth-child(1) > div:nth-child(3) > div:nth-child(1) > div:nth-child(2) > div:nth-child(2) > div:nth-child(2) > div:nth-child(1) > div:nth-child(1) > div:nth-child(1) > div:nth-child(1)]
2023-12-17 23:12:549 INFO  HomePage :61 - Enter Computer Link [[ChromeDriver: chrome on windows (7265067efeb180439ef72ee3f56b5539)] -> link text: Computers]
2023-12-17 23:12:640 INFO  HomePage :19 - Enter On Desktops [[ChromeDriver: chrome on windows (7265067efeb180439ef72ee3f56b5539)] -> xpath: (//a[normalize-space()='Desktops'])[3]]
2023-12-17 23:12:661 INFO  HomePage :28 - Click on Build Computer [[ChromeDriver: chrome on windows (7265067efeb180439ef72ee3f56b5539)] -> css selector: body > div:nth-child(7) > div:nth-child(3) > div:nth-child(1) > div:nth-child(3) > div:nth-child(1) > div:nth-child(2) > div:nth-child(2) > div:nth-child(2) > div:nth-child(1) > div:nth-child(1) > div:nth-child(1) > div:nth-child(1)]
2023-12-17 23:12:425 INFO  HomePage :61 - Enter Computer Link [[ChromeDriver: chrome on windows (c04b5066586a42f7f4c4571e901046bb)] -> link text: Computers]
2023-12-17 23:12:147 INFO  HomePage :19 - Enter On Desktops [[ChromeDriver: chrome on windows (c04b5066586a42f7f4c4571e901046bb)] -> xpath: (//a[normalize-space()='Desktops'])[3]]
2023-12-17 23:12:208 INFO  HomePage :28 - Click on Build Computer [[ChromeDriver: chrome on windows (c04b5066586a42f7f4c4571e901046bb)] -> css selector: body > div:nth-child(7) > div:nth-child(3) > div:nth-child(1) > div:nth-child(3) > div:nth-child(1) > div:nth-child(2) > div:nth-child(2) > div:nth-child(2) > div:nth-child(1) > div:nth-child(1) > div:nth-child(1) > div:nth-child(1)]
2023-12-17 23:12:952 INFO  HomePage :61 - Enter Computer Link [[ChromeDriver: chrome on windows (0040d4bd06a17a315aadcd5ea31482b7)] -> link text: Computers]
2023-12-17 23:12:711 INFO  HomePage :19 - Enter On Desktops [[ChromeDriver: chrome on windows (0040d4bd06a17a315aadcd5ea31482b7)] -> xpath: (//a[normalize-space()='Desktops'])[3]]
2023-12-17 23:12:809 INFO  HomePage :28 - Click on Build Computer [[ChromeDriver: chrome on windows (0040d4bd06a17a315aadcd5ea31482b7)] -> css selector: body > div:nth-child(7) > div:nth-child(3) > div:nth-child(1) > div:nth-child(3) > div:nth-child(1) > div:nth-child(2) > div:nth-child(2) > div:nth-child(2) > div:nth-child(1) > div:nth-child(1) > div:nth-child(1) > div:nth-child(1)]
2023-12-17 23:12:158 INFO  HomePage :61 - Enter Computer Link [[ChromeDriver: chrome on windows (8fc039ddb1eee98c8b9af892e8060a3a)] -> link text: Computers]
2023-12-17 23:12:793 INFO  HomePage :19 - Enter On Desktops [[ChromeDriver: chrome on windows (8fc039ddb1eee98c8b9af892e8060a3a)] -> xpath: (//a[normalize-space()='Desktops'])[3]]
2023-12-17 23:12:833 INFO  HomePage :28 - Click on Build Computer [[ChromeDriver: chrome on windows (8fc039ddb1eee98c8b9af892e8060a3a)] -> css selector: body > div:nth-child(7) > div:nth-child(3) > div:nth-child(1) > div:nth-child(3) > div:nth-child(1) > div:nth-child(2) > div:nth-child(2) > div:nth-child(2) > div:nth-child(1) > div:nth-child(1) > div:nth-child(1) > div:nth-child(1)]
2023-12-17 23:12:357 INFO  HomePage :47 - Clicking on register link : [[ChromeDriver: chrome on windows (36b6b40410e29ea625f191675894d224)] -> link text: Register]
2023-12-17 23:12:370 INFO  HomePage :47 - Clicking on register link : [[ChromeDriver: chrome on windows (01d67af97d02f3a01c577f7c4844b972)] -> link text: Register]
2023-12-17 23:12:947 INFO  HomePage :47 - Clicking on register link : [[ChromeDriver: chrome on windows (acec60030ce942a67e5a7053ee1c0dfc)] -> link text: Register]
2023-12-17 23:12:985 INFO  HomePage :47 - Clicking on register link : [[ChromeDriver: chrome on windows (945ed95e0f8b3eef1c97542907bd6dd4)] -> link text: Register]
2023-12-17 23:12:328 INFO  HomePage :47 - Clicking on register link : [[ChromeDriver: chrome on windows (9df168d715e90e80d01a493b807ff78d)] -> link text: Register]
2023-12-17 23:12:538 INFO  HomePage :84 - Enter first name [[ChromeDriver: chrome on windows (9df168d715e90e80d01a493b807ff78d)] -> id: FirstName]
2023-12-17 23:12:806 INFO  HomePage :89 - Enter last name [[ChromeDriver: chrome on windows (9df168d715e90e80d01a493b807ff78d)] -> id: LastName]
2023-12-17 23:12:27 INFO  HomePage :94 - Enter Date [[ChromeDriver: chrome on windows (9df168d715e90e80d01a493b807ff78d)] -> xpath: /html[1]/body[1]/div[6]/div[3]/div[1]/div[1]/div[1]/div[2]/form[1]/div[1]/div[2]/div[4]/div[1]/select[1]]
2023-12-17 23:12:360 INFO  HomePage :99 - Enter Date [[ChromeDriver: chrome on windows (9df168d715e90e80d01a493b807ff78d)] -> xpath: /html[1]/body[1]/div[6]/div[3]/div[1]/div[1]/div[1]/div[2]/form[1]/div[1]/div[2]/div[4]/div[1]/select[2]]
2023-12-17 23:12:621 INFO  HomePage :104 - Enter Date [[ChromeDriver: chrome on windows (9df168d715e90e80d01a493b807ff78d)] -> xpath: /html[1]/body[1]/div[6]/div[3]/div[1]/div[1]/div[1]/div[2]/form[1]/div[1]/div[2]/div[4]/div[1]/select[3]]
2023-12-17 23:12:867 INFO  HomePage :108 - Enter Email [[ChromeDriver: chrome on windows (9df168d715e90e80d01a493b807ff78d)] -> name: Email]
2023-12-17 23:12:120 INFO  HomePage :113 - Enter Password [[ChromeDriver: chrome on windows (9df168d715e90e80d01a493b807ff78d)] -> id: Password]
2023-12-17 23:12:294 INFO  HomePage :117 - Enter confirmPassword [[ChromeDriver: chrome on windows (9df168d715e90e80d01a493b807ff78d)] -> id: ConfirmPassword]
2023-12-17 23:12:456 INFO  HomePage :127 - Getting Validation Text [[ChromeDriver: chrome on windows (9df168d715e90e80d01a493b807ff78d)] -> class name: field-validation-error]
2023-12-18 00:12:637 INFO  HomePage :47 - Clicking on register link : [[ChromeDriver: chrome on windows (c05ee12a578928f092c2bdc4725e69a5)] -> link text: Register]
2023-12-18 00:12:792 INFO  HomePage :79 - Enter first name [[ChromeDriver: chrome on windows (c05ee12a578928f092c2bdc4725e69a5)] -> id: FirstName]
2023-12-18 00:12:967 INFO  HomePage :84 - Enter last name [[ChromeDriver: chrome on windows (c05ee12a578928f092c2bdc4725e69a5)] -> id: LastName]
2023-12-18 00:12:106 INFO  HomePage :89 - Enter Date [[ChromeDriver: chrome on windows (c05ee12a578928f092c2bdc4725e69a5)] -> xpath: /html[1]/body[1]/div[6]/div[3]/div[1]/div[1]/div[1]/div[2]/form[1]/div[1]/div[2]/div[4]/div[1]/select[1]]
2023-12-18 00:12:277 INFO  HomePage :94 - Enter Date [[ChromeDriver: chrome on windows (c05ee12a578928f092c2bdc4725e69a5)] -> xpath: /html[1]/body[1]/div[6]/div[3]/div[1]/div[1]/div[1]/div[2]/form[1]/div[1]/div[2]/div[4]/div[1]/select[2]]
2023-12-18 00:12:430 INFO  HomePage :99 - Enter Date [[ChromeDriver: chrome on windows (c05ee12a578928f092c2bdc4725e69a5)] -> xpath: /html[1]/body[1]/div[6]/div[3]/div[1]/div[1]/div[1]/div[2]/form[1]/div[1]/div[2]/div[4]/div[1]/select[3]]
2023-12-18 00:12:556 INFO  HomePage :103 - Enter Email [[ChromeDriver: chrome on windows (c05ee12a578928f092c2bdc4725e69a5)] -> name: Email]
2023-12-18 00:12:727 INFO  HomePage :108 - Enter Password [[ChromeDriver: chrome on windows (c05ee12a578928f092c2bdc4725e69a5)] -> id: Password]
2023-12-18 00:12:834 INFO  HomePage :112 - Enter confirmPassword [[ChromeDriver: chrome on windows (c05ee12a578928f092c2bdc4725e69a5)] -> id: ConfirmPassword]
2023-12-18 00:12:948 INFO  HomePage :122 - Getting Validation Text [[ChromeDriver: chrome on windows (c05ee12a578928f092c2bdc4725e69a5)] -> class name: field-validation-error]
